-------------------------------------------------------------------------------
Test set: ru.raiffeisen.directory_listener.StringEmitterApplicationTests
-------------------------------------------------------------------------------
Tests run: 1, Failures: 0, Errors: 1, Skipped: 0, Time elapsed: 1.033 s <<< FAILURE! - in ru.raiffeisen.directory_listener.StringEmitterApplicationTests
contextLoads(ru.raiffeisen.directory_listener.StringEmitterApplicationTests)  Time elapsed: 0.004 s  <<< ERROR!
java.lang.IllegalStateException: Failed to load ApplicationContext
Caused by: org.springframework.beans.factory.BeanCreationException: Error creating bean with name 'stringEmitter': Invocation of init method failed; nested exception is java.lang.IllegalArgumentException: Buffer Size must be strictly positive
Caused by: java.lang.IllegalArgumentException: Buffer Size must be strictly positive

